<?xml version="1.0" encoding="UTF-8"?>
<!-- Generated by org.testng.reporters.JUnitReportReporter -->
<testsuite hostname="PAVILION-GAMING" failures="0" tests="1" name="com.TestScriptsProduct1.TC_03" time="13.590" errors="0" timestamp="2023-11-06T11:56:36 IST" skipped="0">
  <testcase classname="com.TestScriptsProduct1.TC_03" name="LoginTest" time="13.590"/>
</testsuite> <!-- com.TestScriptsProduct1.TC_03 -->
