<?xml version="1.0" encoding="UTF-8"?>
<!-- Generated by org.testng.reporters.JUnitReportReporter -->
<testsuite hostname="PAVILION-GAMING" failures="0" tests="1" name="com.TestScriptsProduct5.TC_01" time="7.940" errors="0" timestamp="2023-11-05T19:11:16 IST" skipped="0">
  <testcase classname="com.TestScriptsProduct5.TC_01" name="searchProduct5" time="7.940"/>
</testsuite> <!-- com.TestScriptsProduct5.TC_01 -->
