<?xml version="1.0" encoding="UTF-8"?>
<!-- Generated by org.testng.reporters.JUnitReportReporter -->
<testsuite hostname="PAVILION-GAMING" failures="0" tests="1" name="com.TestScriptsProduct1.TC_11" time="35.186" errors="0" timestamp="2023-11-06T11:59:03 IST" skipped="0">
  <testcase classname="com.TestScriptsProduct1.TC_11" name="addToCart1" time="35.186"/>
</testsuite> <!-- com.TestScriptsProduct1.TC_11 -->
