<?xml version="1.0" encoding="UTF-8"?>
<!-- Generated by org.testng.reporters.JUnitReportReporter -->
<testsuite hostname="PAVILION-GAMING" failures="0" tests="1" name="com.TestScripts.TC_07" time="22.264" errors="0" timestamp="2023-11-04T17:14:01 IST" skipped="0">
  <testcase classname="com.TestScripts.TC_07" name="scrollAtElement" time="22.264"/>
</testsuite> <!-- com.TestScripts.TC_07 -->
