<?xml version="1.0" encoding="UTF-8"?>
<!-- Generated by org.testng.reporters.JUnitReportReporter -->
<testsuite hostname="PAVILION-GAMING" failures="0" tests="1" name="com.TestScriptsProduct4.TC_02" time="7.556" errors="0" timestamp="2023-11-05T18:53:39 IST" skipped="0">
  <testcase classname="com.TestScriptsProduct4.TC_02" name="fetchProductNames4" time="7.556">
    <system-out>
      <![CDATA[Worlds Greatest Classics Set of 4 Books
Worlds Greatest Library A Collection of 200 Inspiring Personalities Box Set of 8 Biographies
The Complete Novel of Sherlock Holmes
YOU ONLY LIVE ONCE
THE SILENT PATIENT [Paperback] Michaelides, Alex
The Heel : A Gripping Tale of Crime, Betrayal,Thriller and Revenge
Don't Believe Everything You Think (English)
Touch of Eternity, A
That Night: Four Friends, Twenty Years,
என் ஆணவம் வென்றாயடி (Tamil Edition)
When I Am With You
Heart Of Darkness
Siddhartha An Indian Tale
Something I Never Told You [Paperback] Bhinder, Shravya
A Man Called Ove
You Can
Ikigai
The Girl in the House: A Psychological Thriller ǀ A chilling supernatural mystery
Three Thousand Stitches: Ordinary People, Extraordinary Lives [Paperback] Murty, Sudha
Kunex It Ends With Us : ''Sometimes The One Who Loves You Is The One Who Hurts You The Most''
Ghosts of The Silent Hills: Stories based on true hauntings
Think and Grow Rich THE 21st CENTURY EDITION
The Complete Novel of Sherlock Holmes]]>
    </system-out>
  </testcase> <!-- fetchProductNames4 -->
  <system-out>
    <![CDATA[Worlds Greatest Classics Set of 4 Books
Worlds Greatest Library A Collection of 200 Inspiring Personalities Box Set of 8 Biographies
The Complete Novel of Sherlock Holmes
YOU ONLY LIVE ONCE
THE SILENT PATIENT [Paperback] Michaelides, Alex
The Heel : A Gripping Tale of Crime, Betrayal,Thriller and Revenge
Don't Believe Everything You Think (English)
Touch of Eternity, A
That Night: Four Friends, Twenty Years,
என் ஆணவம் வென்றாயடி (Tamil Edition)
When I Am With You
Heart Of Darkness
Siddhartha An Indian Tale
Something I Never Told You [Paperback] Bhinder, Shravya
A Man Called Ove
You Can
Ikigai
The Girl in the House: A Psychological Thriller ǀ A chilling supernatural mystery
Three Thousand Stitches: Ordinary People, Extraordinary Lives [Paperback] Murty, Sudha
Kunex It Ends With Us : ''Sometimes The One Who Loves You Is The One Who Hurts You The Most''
Ghosts of The Silent Hills: Stories based on true hauntings
Think and Grow Rich THE 21st CENTURY EDITION
The Complete Novel of Sherlock Holmes]]>
  </system-out>
</testsuite> <!-- com.TestScriptsProduct4.TC_02 -->
