<?xml version="1.0" encoding="UTF-8"?>
<!-- Generated by org.testng.reporters.JUnitReportReporter -->
<testsuite hostname="PAVILION-GAMING" failures="0" tests="1" name="com.TestScripts.TC_11" time="36.453" errors="0" timestamp="2023-11-05T16:43:23 IST" skipped="0">
  <testcase classname="com.TestScripts.TC_11" name="addToCart1" time="36.453"/>
</testsuite> <!-- com.TestScripts.TC_11 -->
