<?xml version="1.0" encoding="UTF-8"?>
<!-- Generated by org.testng.reporters.JUnitReportReporter -->
<testsuite hostname="PAVILION-GAMING" failures="0" tests="1" name="com.TestScriptsProduct3.TC_02" time="8.766" errors="0" timestamp="2023-11-05T18:30:10 IST" skipped="0">
  <testcase classname="com.TestScriptsProduct3.TC_02" name="fetchProductNames3" time="8.766">
    <system-out>
      <![CDATA[Sony PS5 Standard DualSense bundle
PS5 Spiderman 2 Standard Edn.
Sony PS5 Digital Standalone
Sony God Of War Ragnarok | Standard Edition | PS5 Game (PlayStation 5)
Big Ant Studios Cricket 24, Standard Edition, Playstation 5
Sony Gran Turismo 7 | Standard Edition | PS5 Game (PlayStation 5)
Sony Marvel's Spider-Man: Miles Morales (PS5)
Sony Ghost of Tsushima | Director's Cut | PS5 Game
Take 2 WWE 2K23 | Standard Edition | PlayStation 5
Uncharted: Legacy of Thieves Collection | PS5 Game (PlayStation 5)
PS5 RATCHET & CLANK: RIFT APART
EA Sports FC 24 | Standard Edition | PlayStation 5
Ubisoft Ps5 Assassin'S Creed Valhalla, 17 x 1.5 x 13.5 Centimeters
SONY PS5 GHOST OF TSUSHIMA DIRECTOR'S CUT- PS5, Black, 10GHOCU2
PS5 Marvel's Avengers
Assassin's Creed Mirage | Standard Edition | PlayStation 5]]>
    </system-out>
  </testcase> <!-- fetchProductNames3 -->
  <system-out>
    <![CDATA[Sony PS5 Standard DualSense bundle
PS5 Spiderman 2 Standard Edn.
Sony PS5 Digital Standalone
Sony God Of War Ragnarok | Standard Edition | PS5 Game (PlayStation 5)
Big Ant Studios Cricket 24, Standard Edition, Playstation 5
Sony Gran Turismo 7 | Standard Edition | PS5 Game (PlayStation 5)
Sony Marvel's Spider-Man: Miles Morales (PS5)
Sony Ghost of Tsushima | Director's Cut | PS5 Game
Take 2 WWE 2K23 | Standard Edition | PlayStation 5
Uncharted: Legacy of Thieves Collection | PS5 Game (PlayStation 5)
PS5 RATCHET & CLANK: RIFT APART
EA Sports FC 24 | Standard Edition | PlayStation 5
Ubisoft Ps5 Assassin'S Creed Valhalla, 17 x 1.5 x 13.5 Centimeters
SONY PS5 GHOST OF TSUSHIMA DIRECTOR'S CUT- PS5, Black, 10GHOCU2
PS5 Marvel's Avengers
Assassin's Creed Mirage | Standard Edition | PlayStation 5]]>
  </system-out>
</testsuite> <!-- com.TestScriptsProduct3.TC_02 -->
