<?xml version="1.0" encoding="UTF-8"?>
<!-- Generated by org.testng.reporters.JUnitReportReporter -->
<testsuite hostname="PAVILION-GAMING" failures="0" tests="1" name="com.TestScriptsProduct3.TC_03" time="10.974" errors="0" timestamp="2023-11-05T18:32:03 IST" skipped="0">
  <testcase classname="com.TestScriptsProduct3.TC_03" name="fetchProductNamesAndPrice3" time="10.974">
    <system-out>
      <![CDATA[Sony PS5 Standard DualSense bundle <---> 58,990
PS5 Spiderman 2 Standard Edn. <---> 58,990
Sony PS5 Digital Standalone <---> 58,990
Sony God Of War Ragnarok | Standard Edition | PS5 Game (PlayStation 5) <---> 58,990
Big Ant Studios Cricket 24, Standard Edition, Playstation 5 <---> 58,990
Sony Gran Turismo 7 | Standard Edition | PS5 Game (PlayStation 5) <---> 58,990
Sony Marvel's Spider-Man: Miles Morales (PS5) <---> 58,990
Sony Ghost of Tsushima | Director's Cut | PS5 Game <---> 58,990
Take 2 WWE 2K23 | Standard Edition | PlayStation 5 <---> 58,990
Uncharted: Legacy of Thieves Collection | PS5 Game (PlayStation 5) <---> 58,990
PS5 RATCHET & CLANK: RIFT APART <---> 58,990
EA Sports FC 24 | Standard Edition | PlayStation 5 <---> 58,990
Ubisoft Ps5 Assassin'S Creed Valhalla, 17 x 1.5 x 13.5 Centimeters <---> 58,990
SONY PS5 GHOST OF TSUSHIMA DIRECTOR'S CUT- PS5, Black, 10GHOCU2 <---> 58,990
PS5 Marvel's Avengers <---> 58,990
Assassin's Creed Mirage | Standard Edition | PlayStation 5 <---> 58,990]]>
    </system-out>
  </testcase> <!-- fetchProductNamesAndPrice3 -->
  <system-out>
    <![CDATA[Sony PS5 Standard DualSense bundle <---> 58,990
PS5 Spiderman 2 Standard Edn. <---> 58,990
Sony PS5 Digital Standalone <---> 58,990
Sony God Of War Ragnarok | Standard Edition | PS5 Game (PlayStation 5) <---> 58,990
Big Ant Studios Cricket 24, Standard Edition, Playstation 5 <---> 58,990
Sony Gran Turismo 7 | Standard Edition | PS5 Game (PlayStation 5) <---> 58,990
Sony Marvel's Spider-Man: Miles Morales (PS5) <---> 58,990
Sony Ghost of Tsushima | Director's Cut | PS5 Game <---> 58,990
Take 2 WWE 2K23 | Standard Edition | PlayStation 5 <---> 58,990
Uncharted: Legacy of Thieves Collection | PS5 Game (PlayStation 5) <---> 58,990
PS5 RATCHET & CLANK: RIFT APART <---> 58,990
EA Sports FC 24 | Standard Edition | PlayStation 5 <---> 58,990
Ubisoft Ps5 Assassin'S Creed Valhalla, 17 x 1.5 x 13.5 Centimeters <---> 58,990
SONY PS5 GHOST OF TSUSHIMA DIRECTOR'S CUT- PS5, Black, 10GHOCU2 <---> 58,990
PS5 Marvel's Avengers <---> 58,990
Assassin's Creed Mirage | Standard Edition | PlayStation 5 <---> 58,990]]>
  </system-out>
</testsuite> <!-- com.TestScriptsProduct3.TC_03 -->
