<?xml version="1.0" encoding="UTF-8"?>
<!-- Generated by org.testng.reporters.JUnitReportReporter -->
<testsuite hostname="PAVILION-GAMING" failures="0" tests="1" name="com.TestScriptsProduct4.TC_05" time="17.902" errors="0" timestamp="2023-11-05T19:03:24 IST" skipped="0">
  <testcase classname="com.TestScriptsProduct4.TC_05" name="ProductPage4" time="17.902"/>
</testsuite> <!-- com.TestScriptsProduct4.TC_05 -->
