<?xml version="1.0" encoding="UTF-8"?>
<!-- Generated by org.testng.reporters.JUnitReportReporter -->
<testsuite hostname="PAVILION-GAMING" failures="0" tests="1" name="com.TestScriptsProduct1.TC_05" time="16.164" errors="0" timestamp="2023-11-05T16:47:47 IST" skipped="0">
  <testcase classname="com.TestScriptsProduct1.TC_05" name="fetchProductNames1" time="16.164">
    <system-out>
      <![CDATA[Dell 15 Laptop, Intel Core i3-1115G4 Processor/8GB DDR4/512GB SSD/Intel UHD Graphics/15.6" (39.6cm) FHD 120Hz Refresh Rate 250 nits/Thin & Light 1.66kg/Win 11+MSO'21/15 Month McAfee/Carbon Black
HP Laptop 15, 12th Gen i5-1235U, 15.6-inch (39.6 cm), FHD, Anti-Glare, 8GB DDR4, 512GB SSD, Intel Iris Xᶱ Graphics, Backlit Keyboard, Dual Speakers, (Win 11, MSO 2021, Silver, 1.69 kg), 15s-fy5007TU
Acer Aspire Lite 11th Gen Intel Core i3 Premium Metal Laptop (8GB RAM/512GB SSD/Windows 11 Home) AL15-51, 39.62cm (15.6") Full HD Display, Metal Body, Steel Gray, 1.59 Kg
HP Laptop 15s, 11th Gen Intel Core i5-1155G7, 15.6-inch (39.6 cm), FHD, 16GB DDR4, 512GB SSD, Intel Iris Xe Graphics, Backlit KB, Thin & Light (Win 11, MSO 2021, Silver, 1.69 kg), fr4001TU
Lenovo V15 Intel Celeron N4500 15.6" (39.62 cm) FHD (1920x1080) Antiglare 250 Nits Thin and Light Laptop (8GB RAM/256GB SSD/Windows 11 Home/Black/1Y Onsite/1.7 kg), 82QYA00MIN
HP Laptop 15s, 11th Gen Intel Core i3-1115G4, 15.6-inch (39.6 cm), FHD, 8GB DDR4, 512GB SSD, Intel UHD Graphics, Thin & Light, Dual Speakers (Win 11, MSO 2021, Silver, 1.69 kg), fq2673TU
Acer Aspire Lite 11th Gen Intel Core i5 Premium Metal Laptop (16GB RAM/512GB SSD/Intel Iris Xe Graphics/Windows 11 Home) AL15-51, 39.62cm (15.6") Full HD Display, Metal Body, Steel Gray, 1.59 Kg
Acer Aspire Lite 11th Gen Intel Core i3 Premium Metal Laptop (8GB RAM/256GB SSD/Windows 11 Home) AL15-51, 39.62cm (15.6") Full HD Display, Metal Body, Steel Gray, 1.59 Kg
ASUS [SmartChoice] Vivobook 15, Intel Celeron N4020, 15.6" (39.62 cms) HD, Thin and Light Laptop (8GB/512GB SSD/Integrated Graphics/Windows 11/Office 2021/Fingerprint/Silver/1.8 kg), X515MA-BR024WS
(Refurbished) Lenovo ThinkPad A475 AMD PRO A12, 8 GB Ram, 256 GB SSD, Windows 10 Pro, 14 Inches FHD Display
Acer [SmartChoice] One 14 Business Laptop AMD Ryzen 3 3250U Processor (8GB RAM/256GB SSD/AMD Radeon Graphics/Windows 11 Home) Z2-493 with 35.56 cm (14.0") HD Display
Dell Vostro 3510 Laptop, Intel i3-1115G4, 8GB/512GB SSD/15.6" (39.62cm) FHD, TÜV Rheinland Certified Comfortview Reduce Harmful Blue Light Emissions/Win 11 + MSO'21/15 Months McAfee/Dark Silver/1.69kg
Dell 15 Laptop, Intel Core i3-1115G4 Processor/8GB DDR4/512GB SSD/Intel UHD Graphics/15.6" (39.6cm) FHD 120Hz Refresh Rate 250 nits/Thin & Light 1.66kg/Win 11+MSO'21/15 Month McAfee/Carbon Black
HP 255 G9 (840T7PA) Notebook (AMD Athlon Silver-3050U/ 4GB RAM/ 256GB SSD/DOS/ 15.6" Screen/ 1 Year Warranty), Black
Lenovo IdeaPad Slim 3 Intel Core i3-1115G4 11th Gen 15.6" (39.62cm) FHD Laptop (8GB/256GB SSD/Win 11/Office 2021/3 Month Game Pass/Arctic Grey/1.65Kg), 82H803TXIN
Acer Aspire 3 Laptop AMD Ryzen 3 7320U Quad-Core Processor (Windows 11 Home/8 GB/256 GB SSD/AMD Radeon Graphics) A315-24P, 39.6 cm (15.6") Full HD Display
Xiaomi Notebook Ultra Max 11th Gen Intel Core i5-11320H Thin & Light (16GB/512GB SSD/Iris Xe Graphics/15.6" 3.2K Resolution/Win 11/Thunderbolt 4/MS Office '21/Fingerprint Sensor/1.7 Kg)
ASUS VivoBook 15 (2021), 15.6-inch (39.62 cm) HD, Dual Core Intel Celeron N4020, Thin and Light Laptop (4GB RAM/256GB SSD/Integrated Graphics/Windows 11 Home/Transparent Silver/1.8 Kg), X515MA-BR011W
AXL VayuBook Laptop 14.1 Inch FHD IPS Display (4GB Ram,128GB SSD) 1920 * 1080 Resolution | HD Gemini Lake N4020 | Windows 11 Home | UHD Graphics 600 | Space Grey
Lenovo V15 G4 AMD Athlon Silver 7120U Laptop with 8GB LPDDR5 Ram, 512 GB SSD PCIe, Windows 11 with Lifetime Validity,15.6" FHD Screen, AMD Radeon 610M, Silver, 1 Year Brand Warranty
HP OMEN Gaming Laptop, AMD Ryzen 7 7840HS, 8GB RTX 4060 GPU, 16.1-inch (40.9 cm), 140W TGP, FHD, IPS, 300 nits, 165Hz, 16GB DDR5, 1TB SSD, RGB Backlit KB, B&O (MSO, Black, 2.32 kg), xf0060AX
Dell 14 Laptop, Intel Core i5-1135G7 Processor/ 8GB DDR4/ 512GB SSD/14.0" (35.56cm) FHD Display with Comfort View/Windows 11 + MSO'21/ Spill-Resistant Keyboard/ 15 Month McAfee/ 1.48kg
Dell G15 5520 Gaming Laptop, Intel i5-12500H,16GB DDR5,512GB SSD,NVIDIA RTX 3050 (4GB GDDR6),15.6"(39.62cm) FHD WVA AG 120Hz 250 nits, Backlit KB Orange, Win 11 + MSO'21,Dark Shadow Grey,2.81kg
Dell G15 5520 Gaming Laptop, Intel i5-12500H/16GB DDR5/1TB SSD/15.6" (39.62cm) FHD WVA AG 120Hz 250 nits/NVIDIA RTX 3050, 4 GB GDDR6/Win 11 + MSO'21/15 Months McAfee/Backlit KB/Dark Shadow Grey/2.81kg]]>
    </system-out>
  </testcase> <!-- fetchProductNames1 -->
  <system-out>
    <![CDATA[Dell 15 Laptop, Intel Core i3-1115G4 Processor/8GB DDR4/512GB SSD/Intel UHD Graphics/15.6" (39.6cm) FHD 120Hz Refresh Rate 250 nits/Thin & Light 1.66kg/Win 11+MSO'21/15 Month McAfee/Carbon Black
HP Laptop 15, 12th Gen i5-1235U, 15.6-inch (39.6 cm), FHD, Anti-Glare, 8GB DDR4, 512GB SSD, Intel Iris Xᶱ Graphics, Backlit Keyboard, Dual Speakers, (Win 11, MSO 2021, Silver, 1.69 kg), 15s-fy5007TU
Acer Aspire Lite 11th Gen Intel Core i3 Premium Metal Laptop (8GB RAM/512GB SSD/Windows 11 Home) AL15-51, 39.62cm (15.6") Full HD Display, Metal Body, Steel Gray, 1.59 Kg
HP Laptop 15s, 11th Gen Intel Core i5-1155G7, 15.6-inch (39.6 cm), FHD, 16GB DDR4, 512GB SSD, Intel Iris Xe Graphics, Backlit KB, Thin & Light (Win 11, MSO 2021, Silver, 1.69 kg), fr4001TU
Lenovo V15 Intel Celeron N4500 15.6" (39.62 cm) FHD (1920x1080) Antiglare 250 Nits Thin and Light Laptop (8GB RAM/256GB SSD/Windows 11 Home/Black/1Y Onsite/1.7 kg), 82QYA00MIN
HP Laptop 15s, 11th Gen Intel Core i3-1115G4, 15.6-inch (39.6 cm), FHD, 8GB DDR4, 512GB SSD, Intel UHD Graphics, Thin & Light, Dual Speakers (Win 11, MSO 2021, Silver, 1.69 kg), fq2673TU
Acer Aspire Lite 11th Gen Intel Core i5 Premium Metal Laptop (16GB RAM/512GB SSD/Intel Iris Xe Graphics/Windows 11 Home) AL15-51, 39.62cm (15.6") Full HD Display, Metal Body, Steel Gray, 1.59 Kg
Acer Aspire Lite 11th Gen Intel Core i3 Premium Metal Laptop (8GB RAM/256GB SSD/Windows 11 Home) AL15-51, 39.62cm (15.6") Full HD Display, Metal Body, Steel Gray, 1.59 Kg
ASUS [SmartChoice] Vivobook 15, Intel Celeron N4020, 15.6" (39.62 cms) HD, Thin and Light Laptop (8GB/512GB SSD/Integrated Graphics/Windows 11/Office 2021/Fingerprint/Silver/1.8 kg), X515MA-BR024WS
(Refurbished) Lenovo ThinkPad A475 AMD PRO A12, 8 GB Ram, 256 GB SSD, Windows 10 Pro, 14 Inches FHD Display
Acer [SmartChoice] One 14 Business Laptop AMD Ryzen 3 3250U Processor (8GB RAM/256GB SSD/AMD Radeon Graphics/Windows 11 Home) Z2-493 with 35.56 cm (14.0") HD Display
Dell Vostro 3510 Laptop, Intel i3-1115G4, 8GB/512GB SSD/15.6" (39.62cm) FHD, TÜV Rheinland Certified Comfortview Reduce Harmful Blue Light Emissions/Win 11 + MSO'21/15 Months McAfee/Dark Silver/1.69kg
Dell 15 Laptop, Intel Core i3-1115G4 Processor/8GB DDR4/512GB SSD/Intel UHD Graphics/15.6" (39.6cm) FHD 120Hz Refresh Rate 250 nits/Thin & Light 1.66kg/Win 11+MSO'21/15 Month McAfee/Carbon Black
HP 255 G9 (840T7PA) Notebook (AMD Athlon Silver-3050U/ 4GB RAM/ 256GB SSD/DOS/ 15.6" Screen/ 1 Year Warranty), Black
Lenovo IdeaPad Slim 3 Intel Core i3-1115G4 11th Gen 15.6" (39.62cm) FHD Laptop (8GB/256GB SSD/Win 11/Office 2021/3 Month Game Pass/Arctic Grey/1.65Kg), 82H803TXIN
Acer Aspire 3 Laptop AMD Ryzen 3 7320U Quad-Core Processor (Windows 11 Home/8 GB/256 GB SSD/AMD Radeon Graphics) A315-24P, 39.6 cm (15.6") Full HD Display
Xiaomi Notebook Ultra Max 11th Gen Intel Core i5-11320H Thin & Light (16GB/512GB SSD/Iris Xe Graphics/15.6" 3.2K Resolution/Win 11/Thunderbolt 4/MS Office '21/Fingerprint Sensor/1.7 Kg)
ASUS VivoBook 15 (2021), 15.6-inch (39.62 cm) HD, Dual Core Intel Celeron N4020, Thin and Light Laptop (4GB RAM/256GB SSD/Integrated Graphics/Windows 11 Home/Transparent Silver/1.8 Kg), X515MA-BR011W
AXL VayuBook Laptop 14.1 Inch FHD IPS Display (4GB Ram,128GB SSD) 1920 * 1080 Resolution | HD Gemini Lake N4020 | Windows 11 Home | UHD Graphics 600 | Space Grey
Lenovo V15 G4 AMD Athlon Silver 7120U Laptop with 8GB LPDDR5 Ram, 512 GB SSD PCIe, Windows 11 with Lifetime Validity,15.6" FHD Screen, AMD Radeon 610M, Silver, 1 Year Brand Warranty
HP OMEN Gaming Laptop, AMD Ryzen 7 7840HS, 8GB RTX 4060 GPU, 16.1-inch (40.9 cm), 140W TGP, FHD, IPS, 300 nits, 165Hz, 16GB DDR5, 1TB SSD, RGB Backlit KB, B&O (MSO, Black, 2.32 kg), xf0060AX
Dell 14 Laptop, Intel Core i5-1135G7 Processor/ 8GB DDR4/ 512GB SSD/14.0" (35.56cm) FHD Display with Comfort View/Windows 11 + MSO'21/ Spill-Resistant Keyboard/ 15 Month McAfee/ 1.48kg
Dell G15 5520 Gaming Laptop, Intel i5-12500H,16GB DDR5,512GB SSD,NVIDIA RTX 3050 (4GB GDDR6),15.6"(39.62cm) FHD WVA AG 120Hz 250 nits, Backlit KB Orange, Win 11 + MSO'21,Dark Shadow Grey,2.81kg
Dell G15 5520 Gaming Laptop, Intel i5-12500H/16GB DDR5/1TB SSD/15.6" (39.62cm) FHD WVA AG 120Hz 250 nits/NVIDIA RTX 3050, 4 GB GDDR6/Win 11 + MSO'21/15 Months McAfee/Backlit KB/Dark Shadow Grey/2.81kg]]>
  </system-out>
</testsuite> <!-- com.TestScriptsProduct1.TC_05 -->
