<?xml version="1.0" encoding="UTF-8"?>
<!-- Generated by org.testng.reporters.JUnitReportReporter -->
<testsuite hostname="PAVILION-GAMING" failures="0" tests="1" name="com.TestScriptsProduct3.TC_01" time="38.819" errors="0" timestamp="2023-11-05T18:28:13 IST" skipped="0">
  <testcase classname="com.TestScriptsProduct3.TC_01" name="searchProduct3" time="38.819"/>
</testsuite> <!-- com.TestScriptsProduct3.TC_01 -->
