<?xml version="1.0" encoding="UTF-8"?>
<!-- Generated by org.testng.reporters.JUnitReportReporter -->
<testsuite hostname="PAVILION-GAMING" failures="0" tests="1" name="com.TestScriptsProduct4.TC_04" time="16.080" errors="0" timestamp="2023-11-05T19:01:25 IST" skipped="0">
  <testcase classname="com.TestScriptsProduct4.TC_04" name="filterProducts4" time="16.080"/>
</testsuite> <!-- com.TestScriptsProduct4.TC_04 -->
