<?xml version="1.0" encoding="UTF-8"?>
<!-- Generated by org.testng.reporters.JUnitReportReporter -->
<testsuite hostname="PAVILION-GAMING" failures="0" tests="1" name="com.TestScriptsProduct5.TC_06" time="13.215" errors="0" timestamp="2023-11-05T19:31:10 IST" skipped="0">
  <testcase classname="com.TestScriptsProduct5.TC_06" name="getProductScreenShot5" time="13.215"/>
</testsuite> <!-- com.TestScriptsProduct5.TC_06 -->
