<?xml version="1.0" encoding="UTF-8"?>
<!-- Generated by org.testng.reporters.JUnitReportReporter -->
<testsuite hostname="PAVILION-GAMING" failures="0" tests="1" name="com.TestScriptsProduct3.TC_06" time="14.190" errors="0" timestamp="2023-11-05T18:46:17 IST" skipped="0">
  <testcase classname="com.TestScriptsProduct3.TC_06" name="getProductScreenShot3" time="14.190"/>
</testsuite> <!-- com.TestScriptsProduct3.TC_06 -->
