<?xml version="1.0" encoding="UTF-8"?>
<!-- Generated by org.testng.reporters.JUnitReportReporter -->
<testsuite hostname="PAVILION-GAMING" failures="0" tests="1" name="com.TestScriptsProduct4.TC_06" time="15.056" errors="0" timestamp="2023-11-05T19:05:03 IST" skipped="0">
  <testcase classname="com.TestScriptsProduct4.TC_06" name="getProductScreenShot4" time="15.056"/>
</testsuite> <!-- com.TestScriptsProduct4.TC_06 -->
