<?xml version="1.0" encoding="UTF-8"?>
<!-- Generated by org.testng.reporters.JUnitReportReporter -->
<testsuite hostname="PAVILION-GAMING" failures="0" tests="1" name="com.TestScriptsProduct5.TC_03" time="7.614" errors="0" timestamp="2023-11-05T19:12:48 IST" skipped="0">
  <testcase classname="com.TestScriptsProduct5.TC_03" name="fetchProductNamesAndPrice5" time="7.614">
    <system-out>
      <![CDATA[Acer 139 cm (55 inches) Advanced I Series 4K Ultra HD Smart LED Google TV AR55GR2851UDFL (Black) <---> 29,999
Nu 109 cm (43 inch) Google Series 4K Ultra HD LED Smart TV LED43UGNX (Black) 2023 Model <---> 29,999
VW 109 cm (43 inches) Playwall Frameless Series Full HD Android Smart LED TV VW43F1 (Black) <---> 29,999
Redmi 80 cm (32 inches) F Series HD Ready Smart LED Fire TV L32R8-FVIN (Black) <---> 29,999
MI 80 cm (32 inches) 5A Series HD Ready Smart Android LED TV L32M7-5AIN (Black) <---> 29,999
Redmi 80 cm (32 inches) F Series HD Ready Smart LED Fire TV L32R8-FVIN (Black) <---> 29,999
MI 80 cm (32 inches) A Series HD Ready Smart Google TV L32M8-5AIN (Black) <---> 29,999
OnePlus 108 cm (43 inches) Y Series 4K Ultra HD Smart Android LED TV 43Y1S Pro (Black) <---> 29,999
TCL 101 cm (40 inches) Bezel-Less S Series Full HD Smart Android LED TV 40S5400A (Black) <---> 29,999
VW 80 cm (32 inches) Playwall Frameless Series HD Ready Android Smart LED TV VW3251 (Black) <---> 29,999
VW 80 cm (32 inches) Frameless Series HD Ready Android Smart LED TV VW32S (Black) <---> 29,999
MI 100 cm (40 inches) 5A Series Full HD Smart Android LED TV L40M7-EAIN (Black) <---> 29,999
Redmi 108 cm (43 inches) 4K Ultra HD Android Smart LED TV X43 | L43R7-7AIN (Black) <---> 29,999
LG 80 cm (32 inches) HD Ready Smart LED TV 32LQ643BPTA (Black) <---> 29,999
Samsung 108 cm (43 inches) Crystal iSmart 4K Ultra HD Smart LED TV UA43CUE60AKLXL (Black) <---> 29,999
VW 80 cm(32 inches) Linux Series Frameless HD Ready Smart LED TV VW32C2 (Black) <---> 29,999
Acer 80 cm (32 inches) Advanced I Series HD Ready Smart LED Google TV AR32GR2841HDFL (Black) <---> 29,999
VW 109 cm (43 inches) Linux Series Frameless Full HD Smart LED TV VW43S1 (Black) <---> 29,999
Acer 127 cm (50 inches) Advanced I Series 4K Ultra HD Smart LED Google TV AR50GR2851UDFL (Black) <---> 29,999
Acer 109 cm (43 inches) Advanced I Series 4K Ultra HD Smart LED Google TV AR43GR2851UDFL (Black) <---> 29,999
Acer 100 cm (40 inches) Advanced I Series Full HD Smart LED Google TV AR40GR2841FDFL (Black) <---> 29,999
TCL 80.04 cm (32 inches) Bezel-Less S Series HD Ready Smart Android LED TV 32S5400A (Black) <---> 29,999
Hisense 139 cm (55 inches) Tornado 3.0 Series 4K Ultra HD Smart LED Google TV 55A7K (Black) | with 3 Years Warranty <---> 29,999
Whirlpool 192 L 5 Star Inverter Direct-Cool Single Door Refrigerator (215 IMPRO ROY 5S INV SAPPHIRE MULIA-Z, 2023) <---> 29,999]]>
    </system-out>
  </testcase> <!-- fetchProductNamesAndPrice5 -->
  <system-out>
    <![CDATA[Acer 139 cm (55 inches) Advanced I Series 4K Ultra HD Smart LED Google TV AR55GR2851UDFL (Black) <---> 29,999
Nu 109 cm (43 inch) Google Series 4K Ultra HD LED Smart TV LED43UGNX (Black) 2023 Model <---> 29,999
VW 109 cm (43 inches) Playwall Frameless Series Full HD Android Smart LED TV VW43F1 (Black) <---> 29,999
Redmi 80 cm (32 inches) F Series HD Ready Smart LED Fire TV L32R8-FVIN (Black) <---> 29,999
MI 80 cm (32 inches) 5A Series HD Ready Smart Android LED TV L32M7-5AIN (Black) <---> 29,999
Redmi 80 cm (32 inches) F Series HD Ready Smart LED Fire TV L32R8-FVIN (Black) <---> 29,999
MI 80 cm (32 inches) A Series HD Ready Smart Google TV L32M8-5AIN (Black) <---> 29,999
OnePlus 108 cm (43 inches) Y Series 4K Ultra HD Smart Android LED TV 43Y1S Pro (Black) <---> 29,999
TCL 101 cm (40 inches) Bezel-Less S Series Full HD Smart Android LED TV 40S5400A (Black) <---> 29,999
VW 80 cm (32 inches) Playwall Frameless Series HD Ready Android Smart LED TV VW3251 (Black) <---> 29,999
VW 80 cm (32 inches) Frameless Series HD Ready Android Smart LED TV VW32S (Black) <---> 29,999
MI 100 cm (40 inches) 5A Series Full HD Smart Android LED TV L40M7-EAIN (Black) <---> 29,999
Redmi 108 cm (43 inches) 4K Ultra HD Android Smart LED TV X43 | L43R7-7AIN (Black) <---> 29,999
LG 80 cm (32 inches) HD Ready Smart LED TV 32LQ643BPTA (Black) <---> 29,999
Samsung 108 cm (43 inches) Crystal iSmart 4K Ultra HD Smart LED TV UA43CUE60AKLXL (Black) <---> 29,999
VW 80 cm(32 inches) Linux Series Frameless HD Ready Smart LED TV VW32C2 (Black) <---> 29,999
Acer 80 cm (32 inches) Advanced I Series HD Ready Smart LED Google TV AR32GR2841HDFL (Black) <---> 29,999
VW 109 cm (43 inches) Linux Series Frameless Full HD Smart LED TV VW43S1 (Black) <---> 29,999
Acer 127 cm (50 inches) Advanced I Series 4K Ultra HD Smart LED Google TV AR50GR2851UDFL (Black) <---> 29,999
Acer 109 cm (43 inches) Advanced I Series 4K Ultra HD Smart LED Google TV AR43GR2851UDFL (Black) <---> 29,999
Acer 100 cm (40 inches) Advanced I Series Full HD Smart LED Google TV AR40GR2841FDFL (Black) <---> 29,999
TCL 80.04 cm (32 inches) Bezel-Less S Series HD Ready Smart Android LED TV 32S5400A (Black) <---> 29,999
Hisense 139 cm (55 inches) Tornado 3.0 Series 4K Ultra HD Smart LED Google TV 55A7K (Black) | with 3 Years Warranty <---> 29,999
Whirlpool 192 L 5 Star Inverter Direct-Cool Single Door Refrigerator (215 IMPRO ROY 5S INV SAPPHIRE MULIA-Z, 2023) <---> 29,999]]>
  </system-out>
</testsuite> <!-- com.TestScriptsProduct5.TC_03 -->
