<?xml version="1.0" encoding="UTF-8"?>
<!-- Generated by org.testng.reporters.JUnitReportReporter -->
<testsuite hostname="PAVILION-GAMING" failures="0" tests="1" name="com.TestScripts.TC_05" time="52.280" errors="0" timestamp="2023-11-04T15:37:29 IST" skipped="0">
  <testcase classname="com.TestScripts.TC_05" name="fetchProductNames1" time="52.280">
    <system-out>
      <![CDATA[HP Laptop 14s, AMD Ryzen 5 5500U, 14-inch (35.6 cm), FHD, 8GB DDR4, 512GB SSD, AMD Radeon Graphics, Backlit KB, Thin & Light, Dual Speakers (Win 11, MSO 2019, Silver, 1.46 kg), fq1092AU
HP Laptop 15s, AMD Ryzen 5 5500U, 15.6-inch (39.6 cm), FHD, 8GB DDR4, 512GB SSD, AMD Radeon Graphics, Thin & Light, Dual Speakers (Win 11, MSO 2019, Silver, 1.69 kg), eq2144AU
ASUS [SmartChoice] Vivobook 15, Intel Celeron N4020, 15.6" (39.62 cms) HD, Thin and Light Laptop (8GB/512GB SSD/Integrated Graphics/Windows 11/Office 2021/Fingerprint/Silver/1.8 kg), X515MA-BR024WS
Apple MacBook Air Laptop M1 chip, 13.3-inch/33.74 cm Retina Display, 8GB RAM, 256GB SSD Storage, Backlit Keyboard, FaceTime HD Camera, Touch ID. Works with iPhone/iPad; Gold
ASUS VivoBook 15 (2021), 15.6-inch (39.62 cm) HD, Dual Core Intel Celeron N4020, Thin and Light Laptop (4GB RAM/256GB SSD/Integrated Graphics/Windows 11 Home/Transparent Silver/1.8 Kg), X515MA-BR011W
Dell 15 Laptop, Intel Core i3-1115G4 Processor/8GB DDR4/512GB SSD/Intel UHD Graphics/15.6" (39.6cm) FHD 120Hz Refresh Rate 250 nits/Thin & Light 1.66kg/Win 11+MSO'21/15 Month McAfee/Carbon Black
Acer Aspire Lite 11th Gen Intel Core i3 Premium Metal Laptop (8GB RAM/256GB SSD/Windows 11 Home) AL15-51, 39.62cm (15.6") Full HD Display, Metal Body, Steel Gray, 1.59 Kg
Acer Aspire Lite 11th Gen Intel Core i3 Premium Metal Laptop (8GB RAM/512GB SSD/Windows 11 Home) AL15-51, 39.62cm (15.6") Full HD Display, Metal Body, Steel Gray, 1.59 Kg
Acer Aspire 5 Gaming Laptop Intel Core i5 12th gen (16 GB/512 GB SSD/Win11 Home/4GB Graphics/RTX 2050) A515-57G (15.6" FHD Display, 1.8 Kg)
Acer [SmartChoice] One 14 Business Laptop AMD Ryzen 3 3250U Processor (8GB RAM/256GB SSD/AMD Radeon Graphics/Windows 11 Home) Z2-493 with 35.56 cm (14.0") HD Display
Dell 15 Laptop, Intel Core i3-1115G4 Processor/8GB DDR4/512GB SSD/Intel UHD Graphics/15.6" (39.6cm) FHD 120Hz Refresh Rate 250 nits/Thin & Light 1.66kg/Win 11+MSO'21/15 Month McAfee/Carbon Black
Dell 14 Laptop, Intel 12th Gen Core i3-1215U Proc/8GB DDR4/512GB SSD/Intel UHD Graphic/14.0" (35.56cm) FHD/Thin & Light 1.48kg/Spill-Resistant Keyboard/Win11+MSO'21/15 Month McAfee/Black
Dell 15 Laptop, Intel Core i3-1115G4 Processor/8GB DDR4/512GB SSD/Intel UHD Graphics/15.6" (39.6cm) FHD 120Hz Refresh Rate 250 nits/Thin & Light 1.66kg/Win 11+MSO'21/15 Month McAfee/Carbon Black
Dell Inspiron 3525 Laptop, AMD Ryzen R3-5300U/8GB/512GB SSD/15.6" (39.62CMs) FHD WVA AG Narrow Border 120Hz 250 nits/Windows 11+MSO'21/15 Month McAfee/Carbon Black/1.68KGs
Lenovo IdeaPad 1 AMD Ryzen 3 7320U 15.6" HD Thin and Light Laptop (8 GB/512GB SDD/Windows 11 Home/1Yr Warranty/Cloud Grey/1.58Kg), 82VG00EVIN
HP 255 G9 (840T7PA) Notebook (AMD Athlon Silver-3050U/ 4GB RAM/ 256GB SSD/DOS/ 15.6" Screen/ 1 Year Warranty), Black
HP Chromebook X360,Intel Celeron N4120,14-Inch (35.6 Cm),Hd,4Gb Lpddr4,64Gb Emmc,Intel Uhd Graphics,Thin&Light,Dual Speakers,Brightview Display (Chrome 64,White,1.49 Kg),Ca0505Tu,Chrome OS
HP Laptop 15s, 11th Gen Intel Core i3-1115G4, 15.6-inch (39.6 cm), FHD, 8GB DDR4, 512GB SSD, Intel UHD Graphics, Thin & Light, Dual Speakers (Win 11, MSO 2021, Silver, 1.69 kg), fq2673TU
JioBook 11 (2023) NB1112MM(BLU) (Mediatek 8788 Octa-core 2 GHz/ARM Mali G72 MP3 @800 MHz/29.5cms 60 Hz/Thin and Light Laptop/ 4 GB LPDDR4/ 64 GB eMMC/JioOS 4G LTE, Dual Band Wi-Fi/Blue/ 990 GMS)
HP Laptop 15, 12th Gen i5-1235U, 15.6-inch (39.6 cm), FHD, Anti-Glare, 8GB DDR4, 512GB SSD, Intel Iris Xᶱ Graphics, Backlit Keyboard, Dual Speakers, (Win 11, MSO 2021, Silver, 1.69 kg), 15s-fy5007TU
Lenovo IdeaPad Slim 3 Intel Core i3 11th Gen 14" (35.56cm) FHD IPS Thin & Light Laptop (8GB/512GB SSD/Windows 11/Office 2021/Backlit/FPR/1Yr Warranty/3months Game Pass/Arctic Grey/1.41Kg), 82H701N3IN
HP Chromebook X360,Intel Celeron N4120,14-Inch (35.6 Cm),Hd,4Gb Lpddr4,64Gb Emmc,Intel Uhd Graphics,Thin&Light,Dual Speakers,Brightview Display (Chrome 64,White,1.49 Kg),Ca0505Tu,Chrome OS
Acer One 14 AMD Ryzen 3 3250U Processor (8GB RAM/512GB SSD/AMD Radeon Graphics/Windows 11 Home) Thin and Light Laptop Z2-493 with 35.56 cm (14.0") HD Display]]>
    </system-out>
  </testcase> <!-- fetchProductNames1 -->
  <system-out>
    <![CDATA[HP Laptop 14s, AMD Ryzen 5 5500U, 14-inch (35.6 cm), FHD, 8GB DDR4, 512GB SSD, AMD Radeon Graphics, Backlit KB, Thin & Light, Dual Speakers (Win 11, MSO 2019, Silver, 1.46 kg), fq1092AU
HP Laptop 15s, AMD Ryzen 5 5500U, 15.6-inch (39.6 cm), FHD, 8GB DDR4, 512GB SSD, AMD Radeon Graphics, Thin & Light, Dual Speakers (Win 11, MSO 2019, Silver, 1.69 kg), eq2144AU
ASUS [SmartChoice] Vivobook 15, Intel Celeron N4020, 15.6" (39.62 cms) HD, Thin and Light Laptop (8GB/512GB SSD/Integrated Graphics/Windows 11/Office 2021/Fingerprint/Silver/1.8 kg), X515MA-BR024WS
Apple MacBook Air Laptop M1 chip, 13.3-inch/33.74 cm Retina Display, 8GB RAM, 256GB SSD Storage, Backlit Keyboard, FaceTime HD Camera, Touch ID. Works with iPhone/iPad; Gold
ASUS VivoBook 15 (2021), 15.6-inch (39.62 cm) HD, Dual Core Intel Celeron N4020, Thin and Light Laptop (4GB RAM/256GB SSD/Integrated Graphics/Windows 11 Home/Transparent Silver/1.8 Kg), X515MA-BR011W
Dell 15 Laptop, Intel Core i3-1115G4 Processor/8GB DDR4/512GB SSD/Intel UHD Graphics/15.6" (39.6cm) FHD 120Hz Refresh Rate 250 nits/Thin & Light 1.66kg/Win 11+MSO'21/15 Month McAfee/Carbon Black
Acer Aspire Lite 11th Gen Intel Core i3 Premium Metal Laptop (8GB RAM/256GB SSD/Windows 11 Home) AL15-51, 39.62cm (15.6") Full HD Display, Metal Body, Steel Gray, 1.59 Kg
Acer Aspire Lite 11th Gen Intel Core i3 Premium Metal Laptop (8GB RAM/512GB SSD/Windows 11 Home) AL15-51, 39.62cm (15.6") Full HD Display, Metal Body, Steel Gray, 1.59 Kg
Acer Aspire 5 Gaming Laptop Intel Core i5 12th gen (16 GB/512 GB SSD/Win11 Home/4GB Graphics/RTX 2050) A515-57G (15.6" FHD Display, 1.8 Kg)
Acer [SmartChoice] One 14 Business Laptop AMD Ryzen 3 3250U Processor (8GB RAM/256GB SSD/AMD Radeon Graphics/Windows 11 Home) Z2-493 with 35.56 cm (14.0") HD Display
Dell 15 Laptop, Intel Core i3-1115G4 Processor/8GB DDR4/512GB SSD/Intel UHD Graphics/15.6" (39.6cm) FHD 120Hz Refresh Rate 250 nits/Thin & Light 1.66kg/Win 11+MSO'21/15 Month McAfee/Carbon Black
Dell 14 Laptop, Intel 12th Gen Core i3-1215U Proc/8GB DDR4/512GB SSD/Intel UHD Graphic/14.0" (35.56cm) FHD/Thin & Light 1.48kg/Spill-Resistant Keyboard/Win11+MSO'21/15 Month McAfee/Black
Dell 15 Laptop, Intel Core i3-1115G4 Processor/8GB DDR4/512GB SSD/Intel UHD Graphics/15.6" (39.6cm) FHD 120Hz Refresh Rate 250 nits/Thin & Light 1.66kg/Win 11+MSO'21/15 Month McAfee/Carbon Black
Dell Inspiron 3525 Laptop, AMD Ryzen R3-5300U/8GB/512GB SSD/15.6" (39.62CMs) FHD WVA AG Narrow Border 120Hz 250 nits/Windows 11+MSO'21/15 Month McAfee/Carbon Black/1.68KGs
Lenovo IdeaPad 1 AMD Ryzen 3 7320U 15.6" HD Thin and Light Laptop (8 GB/512GB SDD/Windows 11 Home/1Yr Warranty/Cloud Grey/1.58Kg), 82VG00EVIN
HP 255 G9 (840T7PA) Notebook (AMD Athlon Silver-3050U/ 4GB RAM/ 256GB SSD/DOS/ 15.6" Screen/ 1 Year Warranty), Black
HP Chromebook X360,Intel Celeron N4120,14-Inch (35.6 Cm),Hd,4Gb Lpddr4,64Gb Emmc,Intel Uhd Graphics,Thin&Light,Dual Speakers,Brightview Display (Chrome 64,White,1.49 Kg),Ca0505Tu,Chrome OS
HP Laptop 15s, 11th Gen Intel Core i3-1115G4, 15.6-inch (39.6 cm), FHD, 8GB DDR4, 512GB SSD, Intel UHD Graphics, Thin & Light, Dual Speakers (Win 11, MSO 2021, Silver, 1.69 kg), fq2673TU
JioBook 11 (2023) NB1112MM(BLU) (Mediatek 8788 Octa-core 2 GHz/ARM Mali G72 MP3 @800 MHz/29.5cms 60 Hz/Thin and Light Laptop/ 4 GB LPDDR4/ 64 GB eMMC/JioOS 4G LTE, Dual Band Wi-Fi/Blue/ 990 GMS)
HP Laptop 15, 12th Gen i5-1235U, 15.6-inch (39.6 cm), FHD, Anti-Glare, 8GB DDR4, 512GB SSD, Intel Iris Xᶱ Graphics, Backlit Keyboard, Dual Speakers, (Win 11, MSO 2021, Silver, 1.69 kg), 15s-fy5007TU
Lenovo IdeaPad Slim 3 Intel Core i3 11th Gen 14" (35.56cm) FHD IPS Thin & Light Laptop (8GB/512GB SSD/Windows 11/Office 2021/Backlit/FPR/1Yr Warranty/3months Game Pass/Arctic Grey/1.41Kg), 82H701N3IN
HP Chromebook X360,Intel Celeron N4120,14-Inch (35.6 Cm),Hd,4Gb Lpddr4,64Gb Emmc,Intel Uhd Graphics,Thin&Light,Dual Speakers,Brightview Display (Chrome 64,White,1.49 Kg),Ca0505Tu,Chrome OS
Acer One 14 AMD Ryzen 3 3250U Processor (8GB RAM/512GB SSD/AMD Radeon Graphics/Windows 11 Home) Thin and Light Laptop Z2-493 with 35.56 cm (14.0") HD Display]]>
  </system-out>
</testsuite> <!-- com.TestScripts.TC_05 -->
