<?xml version="1.0" encoding="UTF-8"?>
<!-- Generated by org.testng.reporters.JUnitReportReporter -->
<testsuite hostname="PAVILION-GAMING" failures="0" tests="1" name="com.TestScriptsProduct2.TC_07" time="45.284" errors="0" timestamp="2023-11-05T18:41:46 IST" skipped="0">
  <testcase classname="com.TestScriptsProduct2.TC_07" name="addToCart2" time="45.284"/>
</testsuite> <!-- com.TestScriptsProduct2.TC_07 -->
