<?xml version="1.0" encoding="UTF-8"?>
<!-- Generated by org.testng.reporters.JUnitReportReporter -->
<testsuite hostname="PAVILION-GAMING" failures="0" tests="1" name="com.TestScriptsProduct1.TC_10" time="19.313" errors="0" timestamp="2023-11-06T19:07:41 IST" skipped="0">
  <testcase classname="com.TestScriptsProduct1.TC_10" name="getProductScreenShot1" time="19.313"/>
</testsuite> <!-- com.TestScriptsProduct1.TC_10 -->
