<?xml version="1.0" encoding="UTF-8"?>
<!-- Generated by org.testng.reporters.JUnitReportReporter -->
<testsuite hostname="PAVILION-GAMING" failures="0" tests="1" name="com.TestScriptsProduct3.TC_04" time="35.922" errors="0" timestamp="2023-11-05T18:37:34 IST" skipped="0">
  <testcase classname="com.TestScriptsProduct3.TC_04" name="filterProducts3" time="35.922"/>
</testsuite> <!-- com.TestScriptsProduct3.TC_04 -->
