<?xml version="1.0" encoding="UTF-8"?>
<!-- Generated by org.testng.reporters.JUnitReportReporter -->
<testsuite hostname="PAVILION-GAMING" failures="0" tests="1" name="com.TestScripts.TC_04" time="84.899" errors="0" timestamp="2023-11-04T15:23:51 IST" skipped="0">
  <testcase classname="com.TestScripts.TC_04" name="searchProduct" time="84.899"/>
</testsuite> <!-- com.TestScripts.TC_04 -->
