<?xml version="1.0" encoding="UTF-8"?>
<!-- Generated by org.testng.reporters.JUnitReportReporter -->
<testsuite hostname="PAVILION-GAMING" failures="0" tests="1" name="com.TestScriptsProduct1.TC_08" time="40.710" errors="0" timestamp="2023-11-06T11:58:00 IST" skipped="0">
  <testcase classname="com.TestScriptsProduct1.TC_08" name="filterProducts1" time="40.710"/>
</testsuite> <!-- com.TestScriptsProduct1.TC_08 -->
