<?xml version="1.0" encoding="UTF-8"?>
<!-- Generated by org.testng.reporters.JUnitReportReporter -->
<testsuite hostname="PAVILION-GAMING" failures="0" tests="1" name="com.TestScripts.TC_08" time="16.794" errors="0" timestamp="2023-11-04T17:33:52 IST" skipped="0">
  <testcase classname="com.TestScripts.TC_08" name="filterProducts1" time="16.794"/>
</testsuite> <!-- com.TestScripts.TC_08 -->
