<?xml version="1.0" encoding="UTF-8"?>
<!-- Generated by org.testng.reporters.JUnitReportReporter -->
<testsuite hostname="PAVILION-GAMING" failures="0" tests="1" name="com.TestScriptsProduct1.TC_07" time="5.571" errors="0" timestamp="2023-11-06T11:55:33 IST" skipped="0">
  <testcase classname="com.TestScriptsProduct1.TC_07" name="scrollAtElement" time="5.571"/>
</testsuite> <!-- com.TestScriptsProduct1.TC_07 -->
