<?xml version="1.0" encoding="UTF-8"?>
<!-- Generated by org.testng.reporters.JUnitReportReporter -->
<testsuite hostname="PAVILION-GAMING" failures="0" tests="1" name="com.TestScriptsProduct2.TC_05" time="21.916" errors="0" timestamp="2023-11-05T18:16:30 IST" skipped="0">
  <testcase classname="com.TestScriptsProduct2.TC_05" name="ProductPage2" time="21.916"/>
</testsuite> <!-- com.TestScriptsProduct2.TC_05 -->
