<?xml version="1.0" encoding="UTF-8"?>
<!-- Generated by org.testng.reporters.JUnitReportReporter -->
<testsuite hostname="PAVILION-GAMING" failures="0" tests="1" name="com.TestScripts.TC_10" time="65.943" errors="0" timestamp="2023-11-05T16:25:24 IST" skipped="0">
  <testcase classname="com.TestScripts.TC_10" name="getProductScreenShot1" time="65.943"/>
</testsuite> <!-- com.TestScripts.TC_10 -->
