<?xml version="1.0" encoding="UTF-8"?>
<!-- Generated by org.testng.reporters.JUnitReportReporter -->
<testsuite hostname="PAVILION-GAMING" failures="0" tests="1" name="com.TestScriptsProduct5.TC_07" time="13.940" errors="0" timestamp="2023-11-05T19:32:16 IST" skipped="0">
  <testcase classname="com.TestScriptsProduct5.TC_07" name="addToCart5" time="13.940"/>
</testsuite> <!-- com.TestScriptsProduct5.TC_07 -->
