<?xml version="1.0" encoding="UTF-8"?>
<!-- Generated by org.testng.reporters.JUnitReportReporter -->
<testsuite hostname="PAVILION-GAMING" failures="0" tests="1" name="com.TestScriptsProduct3.TC_05" time="15.076" errors="0" timestamp="2023-11-05T18:40:41 IST" skipped="0">
  <testcase classname="com.TestScriptsProduct3.TC_05" name="ProductPage3" time="15.076"/>
</testsuite> <!-- com.TestScriptsProduct3.TC_05 -->
