<?xml version="1.0" encoding="UTF-8"?>
<!-- Generated by org.testng.reporters.JUnitReportReporter -->
<testsuite hostname="PAVILION-GAMING" failures="0" tests="1" name="com.TestScripts.TC_03" time="11.419" errors="0" timestamp="2023-11-03T19:37:03 IST" skipped="0">
  <testcase classname="com.TestScripts.TC_03" name="LoginTest" time="11.419"/>
</testsuite> <!-- com.TestScripts.TC_03 -->
