<?xml version="1.0" encoding="UTF-8"?>
<!-- Generated by org.testng.reporters.JUnitReportReporter -->
<testsuite hostname="PAVILION-GAMING" failures="0" tests="1" name="com.TestScriptsProduct4.TC_07" time="29.547" errors="0" timestamp="2023-11-05T19:06:38 IST" skipped="0">
  <testcase classname="com.TestScriptsProduct4.TC_07" name="addToCart4" time="29.547"/>
</testsuite> <!-- com.TestScriptsProduct4.TC_07 -->
