<?xml version="1.0" encoding="UTF-8"?>
<!-- Generated by org.testng.reporters.JUnitReportReporter -->
<testsuite hostname="PAVILION-GAMING" failures="0" tests="1" name="com.TestScriptsProduct5.TC_05" time="19.170" errors="0" timestamp="2023-11-05T19:29:43 IST" skipped="0">
  <testcase classname="com.TestScriptsProduct5.TC_05" name="ProductPage5" time="19.170"/>
</testsuite> <!-- com.TestScriptsProduct5.TC_05 -->
