<?xml version="1.0" encoding="UTF-8"?>
<!-- Generated by org.testng.reporters.JUnitReportReporter -->
<testsuite hostname="PAVILION-GAMING" failures="0" tests="1" name="com.TestScriptsProduct2.TC_03" time="15.003" errors="0" timestamp="2023-11-05T16:58:13 IST" skipped="0">
  <testcase classname="com.TestScriptsProduct2.TC_03" name="fetchProductNamesAndPrice2" time="15.003">
    <system-out>
      <![CDATA[OnePlus 11 5G (Titan Black, 16GB RAM, 256GB Storage) <---> 61,999
OnePlus Nord 3 5G (Tempest Gray, 8GB RAM, 128GB Storage) <---> 61,999
Redmi A2 (Sea Green, 2GB RAM, 64GB Storage) <---> 61,999
Samsung Galaxy M13 (Aqua Green, 4GB, 64GB Storage) | 6000mAh Battery | Upto 8GB RAM with RAM Plus <---> 61,999
Samsung Galaxy M04 Light Green, 4GB RAM, 64GB Storage | Upto 8GB RAM with RAM Plus | MediaTek Helio P35 Octa-core Processor | 5000 mAh Battery | 13MP Dual Camera <---> 61,999
realme narzo 60X 5G（Nebula Purple 6GB,128GB Storage ） Up to 2TB External Memory | 50 MP AI Primary Camera | Segments only 33W Supervooc Charge <---> 61,999
Xiaomi Redmi 10 Power (Power Black, 8GB RAM, 128GB Storage) <---> 61,999
Samsung Galaxy M14 5G (Berry Blue,6GB,128GB)|50MP Triple Cam|Segment's Only 6000 mAh 5G SP|5nm Processor|2 Gen. OS Upgrade & 4 Year Security Update|12GB RAM with RAM Plus|Android 13|Without Charger <---> 61,999
Samsung Galaxy M04 Dark Blue, 4GB RAM, 64GB Storage | Upto 8GB RAM with RAM Plus | MediaTek Helio P35 Octa-core Processor | 5000 mAh Battery | 13MP Dual Camera <---> 61,999
Samsung Galaxy M13 (Midnight Blue, 4GB, 64GB Storage) | 6000mAh Battery | Upto 8GB RAM with RAM Plus <---> 61,999
Redmi 12 5G Jade Black 6GB RAM 128GB ROM <---> 61,999
Redmi Note 12 (Sunrise Gold, 6GB RAM, 64GB Storage) <---> 61,999
realme narzo N53 (Feather Black, 6GB+128GB) 33W Segment Fastest Charging | Slimmest Phone in Segment | 90 Hz Smooth Display <---> 61,999
realme narzo N53 (Feather Black, 4GB+64GB) 33W Segment Fastest Charging | Slimmest Phone in Segment | 90 Hz Smooth Display <---> 61,999
Samsung Galaxy M04 Light Green, 4GB RAM, 128GB Storage | Upto 8GB RAM with RAM Plus | MediaTek Helio P35 Octa-core Processor | 5000 mAh Battery | 13MP Dual Camera <---> 61,999
Samsung Galaxy M14 5G (Smoky Teal,6GB,128GB)|50MP Triple Cam|Segment's Only 6000 mAh 5G SP|5nm Processor|2 Gen. OS Upgrade & 4 Year Security Update|12GB RAM with RAM Plus|Android 13|Without Charger <---> 61,999
Redmi 12C (Matte Black, 4GB RAM, 64GB Storage) | High Performance Mediatek Helio G85 | Big 17cm(6.71) HD+ Display with 5000mAh(typ) Battery <---> 61,999
Nokia G42 5G | Snapdragon® 480+ 5G | 50MP Triple AI Camera | 11GB RAM (6GB RAM + 5GB Virtual RAM) | 128GB Storage | 5000mAh Battery | 2 Years Android Upgrades | 20W Charger Included | So Grey <---> 61,999
Nokia G42 5G | Snapdragon® 480+ 5G | 50MP Triple AI Camera | 11GB RAM (6GB RAM + 5GB Virtual RAM) | 128GB Storage | 5000mAh Battery | 2 Years Android Upgrades | 20W Charger Included | So Pink <---> 61,999
Nokia G42 5G | Snapdragon® 480+ 5G | 50MP Triple AI Camera | 11GB RAM (6GB RAM + 5GB Virtual RAM) | 128GB Storage | 5000mAh Battery | 2 Years Android Upgrades | 20W Charger Included | So Purple <---> 61,999
Redmi Note 12 5G Matte Black 6GB RAM 128GB ROM | 1st Phone with 120Hz Super AMOLED and Snapdragon® 4 Gen 1 | 48MP AI Triple Camera <---> 61,999]]>
    </system-out>
  </testcase> <!-- fetchProductNamesAndPrice2 -->
  <system-out>
    <![CDATA[OnePlus 11 5G (Titan Black, 16GB RAM, 256GB Storage) <---> 61,999
OnePlus Nord 3 5G (Tempest Gray, 8GB RAM, 128GB Storage) <---> 61,999
Redmi A2 (Sea Green, 2GB RAM, 64GB Storage) <---> 61,999
Samsung Galaxy M13 (Aqua Green, 4GB, 64GB Storage) | 6000mAh Battery | Upto 8GB RAM with RAM Plus <---> 61,999
Samsung Galaxy M04 Light Green, 4GB RAM, 64GB Storage | Upto 8GB RAM with RAM Plus | MediaTek Helio P35 Octa-core Processor | 5000 mAh Battery | 13MP Dual Camera <---> 61,999
realme narzo 60X 5G（Nebula Purple 6GB,128GB Storage ） Up to 2TB External Memory | 50 MP AI Primary Camera | Segments only 33W Supervooc Charge <---> 61,999
Xiaomi Redmi 10 Power (Power Black, 8GB RAM, 128GB Storage) <---> 61,999
Samsung Galaxy M14 5G (Berry Blue,6GB,128GB)|50MP Triple Cam|Segment's Only 6000 mAh 5G SP|5nm Processor|2 Gen. OS Upgrade & 4 Year Security Update|12GB RAM with RAM Plus|Android 13|Without Charger <---> 61,999
Samsung Galaxy M04 Dark Blue, 4GB RAM, 64GB Storage | Upto 8GB RAM with RAM Plus | MediaTek Helio P35 Octa-core Processor | 5000 mAh Battery | 13MP Dual Camera <---> 61,999
Samsung Galaxy M13 (Midnight Blue, 4GB, 64GB Storage) | 6000mAh Battery | Upto 8GB RAM with RAM Plus <---> 61,999
Redmi 12 5G Jade Black 6GB RAM 128GB ROM <---> 61,999
Redmi Note 12 (Sunrise Gold, 6GB RAM, 64GB Storage) <---> 61,999
realme narzo N53 (Feather Black, 6GB+128GB) 33W Segment Fastest Charging | Slimmest Phone in Segment | 90 Hz Smooth Display <---> 61,999
realme narzo N53 (Feather Black, 4GB+64GB) 33W Segment Fastest Charging | Slimmest Phone in Segment | 90 Hz Smooth Display <---> 61,999
Samsung Galaxy M04 Light Green, 4GB RAM, 128GB Storage | Upto 8GB RAM with RAM Plus | MediaTek Helio P35 Octa-core Processor | 5000 mAh Battery | 13MP Dual Camera <---> 61,999
Samsung Galaxy M14 5G (Smoky Teal,6GB,128GB)|50MP Triple Cam|Segment's Only 6000 mAh 5G SP|5nm Processor|2 Gen. OS Upgrade & 4 Year Security Update|12GB RAM with RAM Plus|Android 13|Without Charger <---> 61,999
Redmi 12C (Matte Black, 4GB RAM, 64GB Storage) | High Performance Mediatek Helio G85 | Big 17cm(6.71) HD+ Display with 5000mAh(typ) Battery <---> 61,999
Nokia G42 5G | Snapdragon® 480+ 5G | 50MP Triple AI Camera | 11GB RAM (6GB RAM + 5GB Virtual RAM) | 128GB Storage | 5000mAh Battery | 2 Years Android Upgrades | 20W Charger Included | So Grey <---> 61,999
Nokia G42 5G | Snapdragon® 480+ 5G | 50MP Triple AI Camera | 11GB RAM (6GB RAM + 5GB Virtual RAM) | 128GB Storage | 5000mAh Battery | 2 Years Android Upgrades | 20W Charger Included | So Pink <---> 61,999
Nokia G42 5G | Snapdragon® 480+ 5G | 50MP Triple AI Camera | 11GB RAM (6GB RAM + 5GB Virtual RAM) | 128GB Storage | 5000mAh Battery | 2 Years Android Upgrades | 20W Charger Included | So Purple <---> 61,999
Redmi Note 12 5G Matte Black 6GB RAM 128GB ROM | 1st Phone with 120Hz Super AMOLED and Snapdragon® 4 Gen 1 | 48MP AI Triple Camera <---> 61,999]]>
  </system-out>
</testsuite> <!-- com.TestScriptsProduct2.TC_03 -->
