<?xml version="1.0" encoding="UTF-8"?>
<!-- Generated by org.testng.reporters.JUnitReportReporter -->
<testsuite hostname="PAVILION-GAMING" failures="0" tests="1" name="com.TestScriptsProduct4.TC_01" time="8.659" errors="0" timestamp="2023-11-05T18:51:50 IST" skipped="0">
  <testcase classname="com.TestScriptsProduct4.TC_01" name="searchProduct3" time="8.659"/>
</testsuite> <!-- com.TestScriptsProduct4.TC_01 -->
