<?xml version="1.0" encoding="UTF-8"?>
<!-- Generated by org.testng.reporters.JUnitReportReporter -->
<testsuite hostname="PAVILION-GAMING" failures="0" tests="1" name="com.TestScriptsProduct4.TC_03" time="23.908" errors="0" timestamp="2023-11-05T18:55:10 IST" skipped="0">
  <testcase classname="com.TestScriptsProduct4.TC_03" name="fetchProductNamesAndPrice4" time="23.908">
    <system-out>
      <![CDATA[Worlds Greatest Classics Set of 4 Books <---> 479
Worlds Greatest Library A Collection of 200 Inspiring Personalities Box Set of 8 Biographies <---> 479
The Complete Novel of Sherlock Holmes <---> 479
YOU ONLY LIVE ONCE <---> 479
THE SILENT PATIENT [Paperback] Michaelides, Alex <---> 479
The Heel : A Gripping Tale of Crime, Betrayal,Thriller and Revenge <---> 479
Don't Believe Everything You Think (English) <---> 479
Touch of Eternity, A <---> 479
That Night: Four Friends, Twenty Years, <---> 479
என் ஆணவம் வென்றாயடி (Tamil Edition) <---> 479
When I Am With You <---> 479
Heart Of Darkness <---> 479
Siddhartha An Indian Tale <---> 479
Something I Never Told You [Paperback] Bhinder, Shravya <---> 479
A Man Called Ove <---> 479
You Can <---> 479
Ikigai <---> 479
The Girl in the House: A Psychological Thriller ǀ A chilling supernatural mystery <---> 479
Three Thousand Stitches: Ordinary People, Extraordinary Lives [Paperback] Murty, Sudha <---> 479
Kunex It Ends With Us : ''Sometimes The One Who Loves You Is The One Who Hurts You The Most'' <---> 479
Ghosts of The Silent Hills: Stories based on true hauntings <---> 479
Think and Grow Rich THE 21st CENTURY EDITION <---> 479
The Complete Novel of Sherlock Holmes <---> 479]]>
    </system-out>
  </testcase> <!-- fetchProductNamesAndPrice4 -->
  <system-out>
    <![CDATA[Worlds Greatest Classics Set of 4 Books <---> 479
Worlds Greatest Library A Collection of 200 Inspiring Personalities Box Set of 8 Biographies <---> 479
The Complete Novel of Sherlock Holmes <---> 479
YOU ONLY LIVE ONCE <---> 479
THE SILENT PATIENT [Paperback] Michaelides, Alex <---> 479
The Heel : A Gripping Tale of Crime, Betrayal,Thriller and Revenge <---> 479
Don't Believe Everything You Think (English) <---> 479
Touch of Eternity, A <---> 479
That Night: Four Friends, Twenty Years, <---> 479
என் ஆணவம் வென்றாயடி (Tamil Edition) <---> 479
When I Am With You <---> 479
Heart Of Darkness <---> 479
Siddhartha An Indian Tale <---> 479
Something I Never Told You [Paperback] Bhinder, Shravya <---> 479
A Man Called Ove <---> 479
You Can <---> 479
Ikigai <---> 479
The Girl in the House: A Psychological Thriller ǀ A chilling supernatural mystery <---> 479
Three Thousand Stitches: Ordinary People, Extraordinary Lives [Paperback] Murty, Sudha <---> 479
Kunex It Ends With Us : ''Sometimes The One Who Loves You Is The One Who Hurts You The Most'' <---> 479
Ghosts of The Silent Hills: Stories based on true hauntings <---> 479
Think and Grow Rich THE 21st CENTURY EDITION <---> 479
The Complete Novel of Sherlock Holmes <---> 479]]>
  </system-out>
</testsuite> <!-- com.TestScriptsProduct4.TC_03 -->
