<?xml version="1.0" encoding="UTF-8"?>
<!-- Generated by org.testng.reporters.JUnitReportReporter -->
<testsuite hostname="PAVILION-GAMING" failures="0" tests="2" name="com.TestScripts.TC_01" time="7.739" errors="0" timestamp="2023-11-03T19:25:19 IST" skipped="1">
  <testcase classname="com.TestScripts.TC_01" name="LoginTest" time="7.739"/>
  <testcase classname="com.TestScripts.TC_01" name="StartTest">
    <skipped/>
  </testcase> <!-- StartTest -->
</testsuite> <!-- com.TestScripts.TC_01 -->
