<?xml version="1.0" encoding="UTF-8"?>
<!-- Generated by org.testng.reporters.JUnitReportReporter -->
<testsuite hostname="PAVILION-GAMING" failures="0" tests="1" name="com.TestScriptsProduct2.TC_01" time="21.006" errors="0" timestamp="2023-11-05T16:52:41 IST" skipped="0">
  <testcase classname="com.TestScriptsProduct2.TC_01" name="searchProduct2" time="21.006"/>
</testsuite> <!-- com.TestScriptsProduct2.TC_01 -->
