<?xml version="1.0" encoding="UTF-8"?>
<!-- Generated by org.testng.reporters.JUnitReportReporter -->
<testsuite hostname="PAVILION-GAMING" failures="0" tests="1" name="com.TestScriptsProduct5.TC_04" time="29.078" errors="0" timestamp="2023-11-05T19:20:10 IST" skipped="0">
  <testcase classname="com.TestScriptsProduct5.TC_04" name="filterProducts5" time="29.078"/>
</testsuite> <!-- com.TestScriptsProduct5.TC_04 -->
