<?xml version="1.0" encoding="UTF-8"?>
<!-- Generated by org.testng.reporters.JUnitReportReporter -->
<testsuite hostname="PAVILION-GAMING" failures="0" tests="1" name="com.TestScriptsProduct3.TC_07" time="24.208" errors="0" timestamp="2023-11-05T18:47:42 IST" skipped="0">
  <testcase classname="com.TestScriptsProduct3.TC_07" name="addToCart3" time="24.208"/>
</testsuite> <!-- com.TestScriptsProduct3.TC_07 -->
